#
# There is insufficient memory for the Java Runtime Environment to continue.
# Native memory allocation (malloc) failed to allocate 1035376 bytes for Chunk::new
# Possible reasons:
#   The system is out of physical RAM or swap space
#   In 32 bit mode, the process size limit was hit
# Possible solutions:
#   Reduce memory load on the system
#   Increase physical memory or swap space
#   Check if swap backing store is full
#   Use 64 bit Java on a 64 bit OS
#   Decrease Java heap size (-Xmx/-Xms)
#   Decrease number of Java threads
#   Decrease Java thread stack sizes (-Xss)
#   Set larger code cache with -XX:ReservedCodeCacheSize=
# This output file may be truncated or incomplete.
#
#  Out of Memory Error (allocation.cpp:390), pid=3732, tid=0x0000000000001a4c
#
# JRE version: Java(TM) SE Runtime Environment (8.0_101-b13) (build 1.8.0_101-b13)
# Java VM: Java HotSpot(TM) 64-Bit Server VM (25.101-b13 mixed mode windows-amd64 compressed oops)
# Failed to write core dump. Minidumps are not enabled by default on client versions of Windows
#

---------------  T H R E A D  ---------------

Current thread (0x0000000016ffe800):  JavaThread "C2 CompilerThread1" daemon [_thread_in_native, id=6732, stack(0x00000000178c0000,0x00000000179c0000)]

Stack: [0x00000000178c0000,0x00000000179c0000]
[error occurred during error reporting (printing stack bounds), id 0xc0000005]

Native frames: (J=compiled Java code, j=interpreted, Vv=VM code, C=native code)


Current CompileTask:
C2:   9877 3683       4       java.io.WinNTFileSystem::normalize (143 bytes)


---------------  P R O C E S S  ---------------

Java Threads: ( => current thread )
  0x000000001acd2800 JavaThread "pool-2-thread-9" [_thread_blocked, id=1308, stack(0x0000000021480000,0x0000000021580000)]
  0x000000001acd1800 JavaThread "pool-2-thread-8" [_thread_blocked, id=1516, stack(0x0000000021380000,0x0000000021480000)]
  0x000000001a515000 JavaThread "pool-2-thread-7" [_thread_blocked, id=11872, stack(0x0000000021280000,0x0000000021380000)]
  0x000000001a513000 JavaThread "pool-2-thread-6" [_thread_in_Java, id=6528, stack(0x0000000021180000,0x0000000021280000)]
  0x000000001a512000 JavaThread "pool-2-thread-5" [_thread_blocked, id=12384, stack(0x0000000021080000,0x0000000021180000)]
  0x000000001a511800 JavaThread "pool-2-thread-4" [_thread_blocked, id=10308, stack(0x0000000020f80000,0x0000000021080000)]
  0x000000001be67000 JavaThread "pool-2-thread-3" [_thread_blocked, id=9880, stack(0x0000000020e80000,0x0000000020f80000)]
  0x000000001afd4800 JavaThread "pool-2-thread-2" [_thread_blocked, id=1596, stack(0x0000000020d80000,0x0000000020e80000)]
  0x0000000019c08000 JavaThread "pool-2-thread-1" [_thread_blocked, id=7172, stack(0x0000000020c80000,0x0000000020d80000)]
  0x0000000017053800 JavaThread "Service Thread" daemon [_thread_blocked, id=768, stack(0x0000000017bc0000,0x0000000017cc0000)]
  0x0000000017017800 JavaThread "C1 CompilerThread3" daemon [_thread_in_native, id=11712, stack(0x0000000017ac0000,0x0000000017bc0000)]
  0x0000000016fff800 JavaThread "C2 CompilerThread2" daemon [_thread_in_native, id=12400, stack(0x00000000179c0000,0x0000000017ac0000)]
=>0x0000000016ffe800 JavaThread "C2 CompilerThread1" daemon [_thread_in_native, id=6732, stack(0x00000000178c0000,0x00000000179c0000)]
  0x0000000016ffc000 JavaThread "C2 CompilerThread0" daemon [_thread_blocked, id=2564, stack(0x00000000177c0000,0x00000000178c0000)]
  0x0000000016ff9000 JavaThread "Attach Listener" daemon [_thread_blocked, id=6240, stack(0x00000000176c0000,0x00000000177c0000)]
  0x0000000016ff8000 JavaThread "Signal Dispatcher" daemon [_thread_blocked, id=6428, stack(0x00000000175c0000,0x00000000176c0000)]
  0x0000000016ff0800 JavaThread "Finalizer" daemon [_thread_blocked, id=4324, stack(0x00000000173d0000,0x00000000174d0000)]
  0x0000000002f17000 JavaThread "Reference Handler" daemon [_thread_blocked, id=11608, stack(0x0000000016ed0000,0x0000000016fd0000)]
  0x0000000002e22800 JavaThread "main" [_thread_blocked, id=8092, stack(0x0000000002cd0000,0x0000000002dd0000)]

Other Threads:
  0x00000000150d9800 VMThread [stack: 0x0000000016dd0000,0x0000000016ed0000] [id=13276]
  0x0000000017057000 WatcherThread [stack: 0x0000000017cc0000,0x0000000017dc0000] [id=1008]

VM state:not at safepoint (normal execution)

VM Mutex/Monitor currently owned by a thread: None

Heap:
 PSYoungGen      total 90624K, used 74721K [0x00000000f0000000, 0x00000000f7800000, 0x0000000100000000)
  eden space 80896K, 92% used [0x00000000f0000000,0x00000000f48f8770,0x00000000f4f00000)
  from space 9728K, 0% used [0x00000000f5800000,0x00000000f5800000,0x00000000f6180000)
  to   space 9216K, 0% used [0x00000000f4f00000,0x00000000f4f00000,0x00000000f5800000)
 ParOldGen       total 84992K, used 9614K [0x00000000d0000000, 0x00000000d5300000, 0x00000000f0000000)
  object space 84992K, 11% used [0x00000000d0000000,0x00000000d0963ae0,0x00000000d5300000)
 Metaspace       used 38496K, capacity 38828K, committed 39040K, reserved 1081344K
  class space    used 7171K, capacity 7246K, committed 7296K, reserved 1048576K

Card table byte_map: [0x00000000122e0000,0x0000000012470000] byte_map_base: 0x0000000011c60000

Marking Bits: (ParMarkBitMap*) 0x000000005fa0a6d0
 Begin Bits: [0x0000000012d70000, 0x0000000013970000)
 End Bits:   [0x0000000013970000, 0x0000000014570000)

Polling page: 0x0000000000f80000

CodeCache: size=245760Kb used=9140Kb max_used=9140Kb free=236619Kb
 bounds [0x0000000002f20000, 0x0000000003820000, 0x0000000011f20000]
 total_blobs=3830 nmethods=3398 adapters=342
 compilation: enabled

Compilation events (10 events):
Event: 9.869 Thread 0x0000000017017800 3755  s    3       java.io.ByteArrayOutputStream::write (32 bytes)
Event: 9.869 Thread 0x0000000017017800 nmethod 3755 0x0000000003288e10 code [0x0000000003288f80, 0x0000000003289368]
Event: 9.870 Thread 0x0000000016ffc000 3756       4       sbt.Cache$::ByteFormat (19 bytes)
Event: 9.870 Thread 0x0000000017017800 3757       3       sbinary.Operations$::write (9 bytes)
Event: 9.870 Thread 0x0000000016ffc000 nmethod 3756 0x0000000003282750 code [0x0000000003282880, 0x00000000032828f8]
Event: 9.870 Thread 0x0000000017017800 nmethod 3757 0x0000000003285010 code [0x0000000003285180, 0x00000000032853a8]
Event: 9.870 Thread 0x0000000017017800 3758       3       sbinary.JavaOutput::writeByte (9 bytes)
Event: 9.870 Thread 0x0000000017017800 nmethod 3758 0x0000000003284b90 code [0x0000000003284d00, 0x0000000003284f28]
Event: 9.871 Thread 0x0000000017017800 3759  s    3       java.io.ByteArrayOutputStream::write (66 bytes)
Event: 9.871 Thread 0x0000000016fff800 3760       4       sbinary.JavaUTF$StringFormat$::c$1 (9 bytes)

GC Heap History (10 events):
Event: 5.027 GC heap before
{Heap before GC invocations=4 (full 1):
 PSYoungGen      total 36864K, used 5115K [0x00000000f0000000, 0x00000000f4800000, 0x0000000100000000)
  eden space 31744K, 0% used [0x00000000f0000000,0x00000000f0000000,0x00000000f1f00000)
  from space 5120K, 99% used [0x00000000f1f00000,0x00000000f23fee30,0x00000000f2400000)
  to   space 5120K, 0% used [0x00000000f4300000,0x00000000f4300000,0x00000000f4800000)
 ParOldGen       total 84992K, used 4804K [0x00000000d0000000, 0x00000000d5300000, 0x00000000f0000000)
  object space 84992K, 5% used [0x00000000d0000000,0x00000000d04b11a8,0x00000000d5300000)
 Metaspace       used 20878K, capacity 21178K, committed 21296K, reserved 1067008K
  class space    used 3623K, capacity 3690K, committed 3712K, reserved 1048576K
Event: 5.067 GC heap after
Heap after GC invocations=4 (full 1):
 PSYoungGen      total 36864K, used 0K [0x00000000f0000000, 0x00000000f4800000, 0x0000000100000000)
  eden space 31744K, 0% used [0x00000000f0000000,0x00000000f0000000,0x00000000f1f00000)
  from space 5120K, 0% used [0x00000000f1f00000,0x00000000f1f00000,0x00000000f2400000)
  to   space 5120K, 0% used [0x00000000f4300000,0x00000000f4300000,0x00000000f4800000)
 ParOldGen       total 55296K, used 7117K [0x00000000d0000000, 0x00000000d3600000, 0x00000000f0000000)
  object space 55296K, 12% used [0x00000000d0000000,0x00000000d06f3750,0x00000000d3600000)
 Metaspace       used 20878K, capacity 21178K, committed 21296K, reserved 1067008K
  class space    used 3623K, capacity 3690K, committed 3712K, reserved 1048576K
}
Event: 5.922 GC heap before
{Heap before GC invocations=5 (full 1):
 PSYoungGen      total 36864K, used 31744K [0x00000000f0000000, 0x00000000f4800000, 0x0000000100000000)
  eden space 31744K, 100% used [0x00000000f0000000,0x00000000f1f00000,0x00000000f1f00000)
  from space 5120K, 0% used [0x00000000f1f00000,0x00000000f1f00000,0x00000000f2400000)
  to   space 5120K, 0% used [0x00000000f4300000,0x00000000f4300000,0x00000000f4800000)
 ParOldGen       total 55296K, used 7117K [0x00000000d0000000, 0x00000000d3600000, 0x00000000f0000000)
  object space 55296K, 12% used [0x00000000d0000000,0x00000000d06f3750,0x00000000d3600000)
 Metaspace       used 24379K, capacity 24742K, committed 24960K, reserved 1069056K
  class space    used 4300K, capacity 4364K, committed 4480K, reserved 1048576K
Event: 5.931 GC heap after
Heap after GC invocations=5 (full 1):
 PSYoungGen      total 55296K, used 5017K [0x00000000f0000000, 0x00000000f4800000, 0x0000000100000000)
  eden space 50176K, 0% used [0x00000000f0000000,0x00000000f0000000,0x00000000f3100000)
  from space 5120K, 97% used [0x00000000f4300000,0x00000000f47e65f8,0x00000000f4800000)
  to   space 5120K, 0% used [0x00000000f3e00000,0x00000000f3e00000,0x00000000f4300000)
 ParOldGen       total 55296K, used 7117K [0x00000000d0000000, 0x00000000d3600000, 0x00000000f0000000)
  object space 55296K, 12% used [0x00000000d0000000,0x00000000d06f3750,0x00000000d3600000)
 Metaspace       used 24379K, capacity 24742K, committed 24960K, reserved 1069056K
  class space    used 4300K, capacity 4364K, committed 4480K, reserved 1048576K
}
Event: 7.752 GC heap before
{Heap before GC invocations=6 (full 1):
 PSYoungGen      total 55296K, used 55193K [0x00000000f0000000, 0x00000000f4800000, 0x0000000100000000)
  eden space 50176K, 100% used [0x00000000f0000000,0x00000000f3100000,0x00000000f3100000)
  from space 5120K, 97% used [0x00000000f4300000,0x00000000f47e65f8,0x00000000f4800000)
  to   space 5120K, 0% used [0x00000000f3e00000,0x00000000f3e00000,0x00000000f4300000)
 ParOldGen       total 55296K, used 7117K [0x00000000d0000000, 0x00000000d3600000, 0x00000000f0000000)
  object space 55296K, 12% used [0x00000000d0000000,0x00000000d06f3750,0x00000000d3600000)
 Metaspace       used 32729K, capacity 33036K, committed 33152K, reserved 1077248K
  class space    used 5651K, capacity 5742K, committed 5760K, reserved 1048576K
Event: 7.781 GC heap after
Heap after GC invocations=6 (full 1):
 PSYoungGen      total 68608K, used 5089K [0x00000000f0000000, 0x00000000f6180000, 0x0000000100000000)
  eden space 63488K, 0% used [0x00000000f0000000,0x00000000f0000000,0x00000000f3e00000)
  from space 5120K, 99% used [0x00000000f3e00000,0x00000000f42f85f8,0x00000000f4300000)
  to   space 9728K, 0% used [0x00000000f5800000,0x00000000f5800000,0x00000000f6180000)
 ParOldGen       total 55296K, used 11129K [0x00000000d0000000, 0x00000000d3600000, 0x00000000f0000000)
  object space 55296K, 20% used [0x00000000d0000000,0x00000000d0ade6a8,0x00000000d3600000)
 Metaspace       used 32729K, capacity 33036K, committed 33152K, reserved 1077248K
  class space    used 5651K, capacity 5742K, committed 5760K, reserved 1048576K
}
Event: 8.319 GC heap before
{Heap before GC invocations=7 (full 1):
 PSYoungGen      total 68608K, used 28937K [0x00000000f0000000, 0x00000000f6180000, 0x0000000100000000)
  eden space 63488K, 37% used [0x00000000f0000000,0x00000000f174a1a8,0x00000000f3e00000)
  from space 5120K, 99% used [0x00000000f3e00000,0x00000000f42f85f8,0x00000000f4300000)
  to   space 9728K, 0% used [0x00000000f5800000,0x00000000f5800000,0x00000000f6180000)
 ParOldGen       total 55296K, used 11129K [0x00000000d0000000, 0x00000000d3600000, 0x00000000f0000000)
  object space 55296K, 20% used [0x00000000d0000000,0x00000000d0ade6a8,0x00000000d3600000)
 Metaspace       used 34873K, capacity 35244K, committed 35456K, reserved 1079296K
  class space    used 6298K, capacity 6414K, committed 6528K, reserved 1048576K
Event: 8.330 GC heap after
Heap after GC invocations=7 (full 1):
 PSYoungGen      total 90624K, used 6446K [0x00000000f0000000, 0x00000000f7800000, 0x0000000100000000)
  eden space 80896K, 0% used [0x00000000f0000000,0x00000000f0000000,0x00000000f4f00000)
  from space 9728K, 66% used [0x00000000f5800000,0x00000000f5e4bb60,0x00000000f6180000)
  to   space 9216K, 0% used [0x00000000f4f00000,0x00000000f4f00000,0x00000000f5800000)
 ParOldGen       total 55296K, used 11137K [0x00000000d0000000, 0x00000000d3600000, 0x00000000f0000000)
  object space 55296K, 20% used [0x00000000d0000000,0x00000000d0ae06a8,0x00000000d3600000)
 Metaspace       used 34873K, capacity 35244K, committed 35456K, reserved 1079296K
  class space    used 6298K, capacity 6414K, committed 6528K, reserved 1048576K
}
Event: 8.330 GC heap before
{Heap before GC invocations=8 (full 2):
 PSYoungGen      total 90624K, used 6446K [0x00000000f0000000, 0x00000000f7800000, 0x0000000100000000)
  eden space 80896K, 0% used [0x00000000f0000000,0x00000000f0000000,0x00000000f4f00000)
  from space 9728K, 66% used [0x00000000f5800000,0x00000000f5e4bb60,0x00000000f6180000)
  to   space 9216K, 0% used [0x00000000f4f00000,0x00000000f4f00000,0x00000000f5800000)
 ParOldGen       total 55296K, used 11137K [0x00000000d0000000, 0x00000000d3600000, 0x00000000f0000000)
  object space 55296K, 20% used [0x00000000d0000000,0x00000000d0ae06a8,0x00000000d3600000)
 Metaspace       used 34873K, capacity 35244K, committed 35456K, reserved 1079296K
  class space    used 6298K, capacity 6414K, committed 6528K, reserved 1048576K
Event: 8.423 GC heap after
Heap after GC invocations=8 (full 2):
 PSYoungGen      total 90624K, used 0K [0x00000000f0000000, 0x00000000f7800000, 0x0000000100000000)
  eden space 80896K, 0% used [0x00000000f0000000,0x00000000f0000000,0x00000000f4f00000)
  from space 9728K, 0% used [0x00000000f5800000,0x00000000f5800000,0x00000000f6180000)
  to   space 9216K, 0% used [0x00000000f4f00000,0x00000000f4f00000,0x00000000f5800000)
 ParOldGen       total 84992K, used 9614K [0x00000000d0000000, 0x00000000d5300000, 0x00000000f0000000)
  object space 84992K, 11% used [0x00000000d0000000,0x00000000d0963ae0,0x00000000d5300000)
 Metaspace       used 34873K, capacity 35244K, committed 35456K, reserved 1079296K
  class space    used 6298K, capacity 6414K, committed 6528K, reserved 1048576K
}

Deoptimization events (10 events):
Event: 9.152 Thread 0x0000000002e22800 Uncommon trap: reason=bimorphic action=maybe_recompile pc=0x000000000373bb48 method=scala.collection.TraversableLike$class.flatMap(Lscala/collection/TraversableLike;Lscala/Function1;Lscala/collection/generic/CanBuildFrom;)Ljava/lang/Object; @ 23
Event: 9.234 Thread 0x0000000019c08000 Uncommon trap: reason=unstable_if action=reinterpret pc=0x000000000322a6e0 method=java.net.URI.match(CJJ)Z @ 45
Event: 9.305 Thread 0x000000001a511800 Uncommon trap: reason=class_check action=maybe_recompile pc=0x00000000037d9274 method=scala.collection.mutable.HashTable$class.index(Lscala/collection/mutable/HashTable;I)I @ 1
Event: 9.305 Thread 0x000000001a511800 Uncommon trap: reason=class_check action=maybe_recompile pc=0x00000000037da4d4 method=scala.collection.mutable.HashTable$class.scala$collection$mutable$HashTable$$findEntry0(Lscala/collection/mutable/HashTable;Ljava/lang/Object;I)Lscala/collection/mutable/0‹KmÕœ"@
Event: 9.306 Thread 0x0000000002e22800 Uncommon trap: reason=unstable_if action=reinterpret pc=0x0000000003266664 method=sbt.Execute$$anonfun$dependencyCheck$1.onOpt$1(Lscala/Option;Lscala/Function1;)Z @ 26
Event: 9.306 Thread 0x0000000002e22800 Uncommon trap: reason=unstable_if action=reinterpret pc=0x00000000032613ac method=sbt.Execute$$anonfun$dependencyCheck$1.onOpt$1(Lscala/Option;Lscala/Function1;)Z @ 26
Event: 9.307 Thread 0x0000000002e22800 Uncommon trap: reason=unstable_if action=reinterpret pc=0x00000000034dc190 method=sbt.Execute$$anonfun$dependencyCheck$1.onOpt$1(Lscala/Option;Lscala/Function1;)Z @ 26
Event: 9.321 Thread 0x000000001afd4800 Uncommon trap: reason=unstable_if action=reinterpret pc=0x000000000377aba0 method=sbt.ProjectRef.equals(Ljava/lang/Object;)Z @ 2
Event: 9.616 Thread 0x000000001a513000 Uncommon trap: reason=unstable_if action=reinterpret pc=0x0000000003244a70 method=scala.runtime.BoxesRunTime.equals2(Ljava/lang/Object;Ljava/lang/Object;)Z @ 4
Event: 9.695 Thread 0x000000001a513000 Uncommon trap: reason=unstable_if action=reinterpret pc=0x00000000036f95ec method=scala.runtime.BoxesRunTime.equals2(Ljava/lang/Object;Ljava/lang/Object;)Z @ 4

Internal exceptions (10 events):
Event: 5.192 Thread 0x0000000002e22800 Exception <a 'java/lang/ClassNotFoundException': scala/reflect/ScalaSignature> (0x00000000f01919e8) thrown at [C:\re\workspace\8-2-build-windows-amd64-cygwin\jdk8u101\7261\hotspot\src\share\vm\classfile\systemDictionary.cpp, line 210]
Event: 5.192 Thread 0x0000000002e22800 Exception <a 'java/lang/ClassNotFoundException': scala/reflect/ScalaLongSignature> (0x00000000f0192260) thrown at [C:\re\workspace\8-2-build-windows-amd64-cygwin\jdk8u101\7261\hotspot\src\share\vm\classfile\systemDictionary.cpp, line 210]
Event: 5.198 Thread 0x0000000002e22800 Exception <a 'java/lang/ClassNotFoundException': scala/reflect/ScalaSignature> (0x00000000f01a1b50) thrown at [C:\re\workspace\8-2-build-windows-amd64-cygwin\jdk8u101\7261\hotspot\src\share\vm\classfile\systemDictionary.cpp, line 210]
Event: 5.198 Thread 0x0000000002e22800 Exception <a 'java/lang/ClassNotFoundException': scala/reflect/ScalaLongSignature> (0x00000000f01a21e0) thrown at [C:\re\workspace\8-2-build-windows-amd64-cygwin\jdk8u101\7261\hotspot\src\share\vm\classfile\systemDictionary.cpp, line 210]
Event: 5.204 Thread 0x0000000002e22800 Exception <a 'java/lang/ArrayIndexOutOfBoundsException'> (0x00000000f01a7188) thrown at [C:\re\workspace\8-2-build-windows-amd64-cygwin\jdk8u101\7261\hotspot\src\share\vm\runtime\sharedRuntime.cpp, line 605]
Event: 5.978 Thread 0x0000000002e22800 Exception <a 'java/lang/ArrayIndexOutOfBoundsException'> (0x00000000f017be08) thrown at [C:\re\workspace\8-2-build-windows-amd64-cygwin\jdk8u101\7261\hotspot\src\share\vm\runtime\sharedRuntime.cpp, line 605]
Event: 6.041 Thread 0x0000000002e22800 Exception <a 'java/lang/ArrayIndexOutOfBoundsException'> (0x00000000f0395358) thrown at [C:\re\workspace\8-2-build-windows-amd64-cygwin\jdk8u101\7261\hotspot\src\share\vm\runtime\sharedRuntime.cpp, line 605]
Event: 6.070 Thread 0x0000000002e22800 Exception <a 'java/lang/ArrayIndexOutOfBoundsException'> (0x00000000f03cb348) thrown at [C:\re\workspace\8-2-build-windows-amd64-cygwin\jdk8u101\7261\hotspot\src\share\vm\runtime\sharedRuntime.cpp, line 605]
Event: 7.417 Thread 0x0000000002e22800 Exception <a 'java/lang/ClassNotFoundException': java/net> (0x00000000f26dd660) thrown at [C:\re\workspace\8-2-build-windows-amd64-cygwin\jdk8u101\7261\hotspot\src\share\vm\classfile\systemDictionary.cpp, line 210]
Event: 7.418 Thread 0x0000000002e22800 Exception <a 'java/lang/ClassNotFoundException': java/net/package> (0x00000000f26de618) thrown at [C:\re\workspace\8-2-build-windows-amd64-cygwin\jdk8u101\7261\hotspot\src\share\vm\classfile\systemDictionary.cpp, line 210]

Events (10 events):
Event: 9.808 loading class sbt/UpdateReport$RichUpdateReport$$anonfun$select0$1$$anonfun$apply$2$$anonfun$apply$4
Event: 9.808 loading class sbt/UpdateReport$RichUpdateReport$$anonfun$select0$1$$anonfun$apply$2$$anonfun$apply$4 done
Event: 9.808 loading class sbt/UpdateReport$RichUpdateReport$$anonfun$select0$1$$anonfun$apply$2$$anonfun$apply$5
Event: 9.808 loading class sbt/UpdateReport$RichUpdateReport$$anonfun$select0$1$$anonfun$apply$2$$anonfun$apply$5 done
Event: 9.811 loading class sbt/Classpaths$$anonfun$sbt$Classpaths$$uptodate$1$1
Event: 9.811 loading class sbt/Classpaths$$anonfun$sbt$Classpaths$$uptodate$1$1 done
Event: 9.812 loading class sbt/Classpaths$$anonfun$sbt$Classpaths$$fileUptodate$1
Event: 9.812 loading class sbt/Classpaths$$anonfun$sbt$Classpaths$$fileUptodate$1 done
Event: 9.869 loading class sbt/CacheIvy$$anonfun$moduleReportFormat$1$$anonfun$apply$1
Event: 9.869 loading class sbt/CacheIvy$$anonfun$moduleReportFormat$1$$anonfun$apply$1 done


Dynamic libraries:
0x00007ff799be0000 - 0x00007ff799c17000 	C:\Program Files\Java\jdk1.8.0_101\bin\java.exe
0x00007ffec1a60000 - 0x00007ffec1c31000 	C:\WINDOWS\SYSTEM32\ntdll.dll
0x00007ffec1600000 - 0x00007ffec16ab000 	C:\WINDOWS\System32\KERNEL32.DLL
0x00007ffebe0b0000 - 0x00007ffebe2cd000 	C:\WINDOWS\System32\KERNELBASE.dll
0x00007ffec1550000 - 0x00007ffec15f2000 	C:\WINDOWS\System32\ADVAPI32.dll
0x00007ffec05b0000 - 0x00007ffec064e000 	C:\WINDOWS\System32\msvcrt.dll
0x00007ffec13c0000 - 0x00007ffec1419000 	C:\WINDOWS\System32\sechost.dll
0x00007ffec17c0000 - 0x00007ffec18e1000 	C:\WINDOWS\System32\RPCRT4.dll
0x00007ffec18f0000 - 0x00007ffec1a55000 	C:\WINDOWS\System32\USER32.dll
0x00007ffebe030000 - 0x00007ffebe04e000 	C:\WINDOWS\System32\win32u.dll
0x00007ffec16b0000 - 0x00007ffec16e4000 	C:\WINDOWS\System32\GDI32.dll
0x00007ffebeb60000 - 0x00007ffebece2000 	C:\WINDOWS\System32\gdi32full.dll
0x00007ffeb5c40000 - 0x00007ffeb5eba000 	C:\WINDOWS\WinSxS\amd64_microsoft.windows.common-controls_6595b64144ccf1df_6.0.14393.953_none_42151e83c686086b\COMCTL32.dll
0x00007ffec0ff0000 - 0x00007ffec12b8000 	C:\WINDOWS\System32\combase.dll
0x00007ffebdf30000 - 0x00007ffebe025000 	C:\WINDOWS\System32\ucrtbase.dll
0x00007ffebecf0000 - 0x00007ffebed5a000 	C:\WINDOWS\System32\bcryptPrimitives.dll
0x00007ffec0b50000 - 0x00007ffec0b7e000 	C:\WINDOWS\System32\IMM32.DLL
0x000000005ee80000 - 0x000000005ef52000 	C:\Program Files\Java\jdk1.8.0_101\jre\bin\msvcr100.dll
0x000000005f1f0000 - 0x000000005fa8a000 	C:\Program Files\Java\jdk1.8.0_101\jre\bin\server\jvm.dll
0x00007ffec0650000 - 0x00007ffec0658000 	C:\WINDOWS\System32\PSAPI.DLL
0x00007ffebac70000 - 0x00007ffebac93000 	C:\WINDOWS\SYSTEM32\WINMM.dll
0x00007ffeb9660000 - 0x00007ffeb966a000 	C:\WINDOWS\SYSTEM32\VERSION.dll
0x00007ffeaff10000 - 0x00007ffeaff19000 	C:\WINDOWS\SYSTEM32\WSOCK32.dll
0x00007ffebac40000 - 0x00007ffebac6b000 	C:\WINDOWS\SYSTEM32\WINMMBASE.dll
0x00007ffec1750000 - 0x00007ffec17ba000 	C:\WINDOWS\System32\WS2_32.dll
0x00007ffebeb10000 - 0x00007ffebeb52000 	C:\WINDOWS\System32\cfgmgr32.dll
0x00000000608f0000 - 0x00000000608ff000 	C:\Program Files\Java\jdk1.8.0_101\jre\bin\verify.dll
0x00000000608c0000 - 0x00000000608e9000 	C:\Program Files\Java\jdk1.8.0_101\jre\bin\java.dll
0x00000000608a0000 - 0x00000000608b6000 	C:\Program Files\Java\jdk1.8.0_101\jre\bin\zip.dll
0x00007ffebf0a0000 - 0x00007ffec05a9000 	C:\WINDOWS\System32\SHELL32.dll
0x00007ffebe380000 - 0x00007ffebea5a000 	C:\WINDOWS\System32\windows.storage.dll
0x00007ffebdeb0000 - 0x00007ffebdefc000 	C:\WINDOWS\System32\powrprof.dll
0x00007ffec16f0000 - 0x00007ffec1742000 	C:\WINDOWS\System32\shlwapi.dll
0x00007ffebdf00000 - 0x00007ffebdf0f000 	C:\WINDOWS\System32\kernel.appcore.dll
0x00007ffebe2d0000 - 0x00007ffebe379000 	C:\WINDOWS\System32\shcore.dll
0x00007ffebdf10000 - 0x00007ffebdf24000 	C:\WINDOWS\System32\profapi.dll
0x0000000060810000 - 0x000000006082a000 	C:\Program Files\Java\jdk1.8.0_101\jre\bin\net.dll
0x00007ffebd7d0000 - 0x00007ffebd82c000 	C:\WINDOWS\system32\mswsock.dll
0x00000000607f0000 - 0x0000000060801000 	C:\Program Files\Java\jdk1.8.0_101\jre\bin\nio.dll
0x00007ffebd970000 - 0x00007ffebd987000 	C:\WINDOWS\SYSTEM32\CRYPTSP.dll
0x00007ffebd3d0000 - 0x00007ffebd403000 	C:\WINDOWS\system32\rsaenh.dll
0x00007ffebda80000 - 0x00007ffebdaab000 	C:\WINDOWS\SYSTEM32\bcrypt.dll
0x00007ffebd650000 - 0x00007ffebd66f000 	C:\WINDOWS\SYSTEM32\USERENV.dll
0x00007ffebd990000 - 0x00007ffebd99b000 	C:\WINDOWS\SYSTEM32\CRYPTBASE.dll
0x00007ffebd550000 - 0x00007ffebd588000 	C:\WINDOWS\SYSTEM32\IPHLPAPI.DLL
0x00007ffebefd0000 - 0x00007ffebefd8000 	C:\WINDOWS\System32\NSI.dll
0x00007ffeb7a90000 - 0x00007ffeb7aa6000 	C:\WINDOWS\SYSTEM32\dhcpcsvc6.DLL
0x00007ffeb7a70000 - 0x00007ffeb7a8a000 	C:\WINDOWS\SYSTEM32\dhcpcsvc.DLL
0x00007ffeb9840000 - 0x00007ffeb984a000 	C:\Users\Anonymous\AppData\Local\Temp\jansi-64-1-2368812368615595019.11

VM Arguments:
jvm_args: -Djline.terminal=jline.UnsupportedTerminal -Dsbt.log.noformat=true -Dfile.encoding=UTF-8 -Xmx768M -XX:MaxPermSize=384M 
java_command: C:/Users/Anonymous/.IdeaIC2016.3/config/plugins/Scala/launcher/sbt-launch.jar
java_class_path (initial): C:/Users/Anonymous/.IdeaIC2016.3/config/plugins/Scala/launcher/sbt-launch.jar
Launcher Type: SUN_STANDARD

Environment Variables:
PATH=C:\ProgramData\Oracle\Java\javapath;C:\Program Files\Common Files\Microsoft Shared\Windows Live;C:\Program Files (x86)\Common Files\Microsoft Shared\Windows Live;C:\Program Files (x86)\Intel\iCLS Client\;C:\Program Files\Intel\iCLS Client\;C:\WINDOWS\system32;C:\WINDOWS;C:\WINDOWS\System32\Wbem;C:\WINDOWS\System32\WindowsPowerShell\v1.0\;C:\Program Files\Intel\WiFi\bin\;C:\Program Files\Common Files\Intel\WirelessCommon\;C:\Program Files\ThinkPad\Bluetooth Software\;C:\Program Files\ThinkPad\Bluetooth Software\syswow64;C:\Program Files\Intel\Intel(R) Management Engine Components\DAL;C:\Program Files\Intel\Intel(R) Management Engine Components\IPT;C:\Program Files (x86)\Intel\Intel(R) Management Engine Components\DAL;C:\Program Files (x86)\Intel\Intel(R) Management Engine Components\IPT;C:\Program Files (x86)\Intel\OpenCL SDK\2.0\bin\x86;C:\Program Files (x86)\Intel\OpenCL SDK\2.0\bin\x64;C:\Program Files\Common Files\Lenovo;C:\Program Files (x86)\Common Files\Ulead Systems\MPEG;C:\Program Files (x86)\Windows Live\Shared;C:\SWTOOLS\ReadyApps;C:\Program Files (x86)\Common Files\Lenovo;C:\Program Files\Git\cmd;C:\Program Files\nodejs\;C:\Program Files (x86)\Brackets\command;C:\Users\Anonymous\AppData\Local\Microsoft\WindowsApps;C:\Program Files\Heroku\bin;C:\Users\Anonymous\AppData\Roaming\npm;C:\Program Files\GPAC;C:\Program Files\GPAC;C:\Program Files\MP4Box
USERNAME=Anonymous
OS=Windows_NT
PROCESSOR_IDENTIFIER=Intel64 Family 6 Model 58 Stepping 9, GenuineIntel



---------------  S Y S T E M  ---------------

OS: Windows 10.0 , 64 bit Build 14393 (10.0.14393.0)

CPU:total 8 (4 cores per cpu, 2 threads per core) family 6 model 58 stepping 9, cmov, cx8, fxsr, mmx, sse, sse2, sse3, ssse3, sse4.1, sse4.2, popcnt, avx, aes, clmul, erms, ht, tsc, tscinvbit, tscinv

Memory: 4k page, physical 8014636k(2057032k free), swap 10111788k(2624k free)

vm_info: Java HotSpot(TM) 64-Bit Server VM (25.101-b13) for windows-amd64 JRE (1.8.0_101-b13), built on Jun 22 2016 01:21:29 by "java_re" with MS VC++ 10.0 (VS2010)

time: Mon Mar 20 19:21:17 2017
elapsed time: 9 seconds (0d 0h 0m 9s)

